


materialPath: C:\Program Files (x86)\Steam\steamapps\common\GarrysMod\garrysmod\materials
Loading C:\coolMaps\cool2.vmf
fixing up env_cubemap materials on brush sides...
ProcessBlock_Thread: 0...1...2...3...4...5...6...7...8...9...10 (0)
**** leaked ****
Processing areas...done (0)
Building Faces...done (0)
FixTjuncs...
PruneNodes...
WriteBSP...
done (0)
Creating default LDR cubemaps for env_cubemap using skybox materials:
   skybox/sky_day01_01*.vmt
 ! Run buildcubemaps in the engine to get the correct cube maps.
Creating default HDR cubemaps for env_cubemap using skybox materials:
   skybox/sky_day01_01*.vmt
 ! Run buildcubemaps in the engine to get the correct cube maps.
Finding displacement neighbors...
Finding lightmap sample positions...
Displacement Alpha : 0...1...2...3...4...5...6...7...8...9...10
Building Physics collision data...
done (0) (2293 bytes)
Placing detail props : 0...1...2...3...4...5...6...7...8...9...10
Compacting texture/material tables...
Reduced 6 texinfos to 4
Reduced 2 texdatas to 2 (38 bytes to 38)
Writing C:\coolMaps\cool2.bsp
0 seconds elapsed



10 threads
reading c:\coolmaps\cool2.bsp
reading c:\coolmaps\cool2.prt
LoadPortals: couldn't read c:\coolmaps\cool2.prt



[Reading texlights from 'lights.rad']
[51 texlights parsed from 'lights.rad']
Loading c:\coolmaps\cool2.bsp
No vis information, direct lighting only.
BuildFacelights:     0...1...2...3...4...5...6...7...8...9...10 (0)
Build Patch/Sample Hash Table(s).....Done<0.0003 sec>
FinalLightFace:      0...1...2...3...4...5...6...7...8...9...10 (0)
FinalLightFace Done
0 of 0 (0% of) surface lights went in leaf ambient cubes.
ThreadComputeLeafAmbient: 0...1...2...3...4...5...6...7...8...9...10 (0)
Writing leaf ambient...done
Ready to Finish

Object names       Objects/Maxobjs  Memory / Maxmem  Fullness 
------------       ---------------  ---------------  -------- 
models                   1/4096           48/196608   ( 0.0%) 
brushes                  6/65535          72/786420   ( 0.0%) 
brushsides              36/655350        288/5242800  ( 0.0%) 
planes                  40/65536         800/1310720  ( 0.1%) 
vertexes                69/65536         828/786432   ( 0.1%) 
nodes                   67/65536        2144/2097152  ( 0.1%) 
texinfos                 4/16384         288/1179648  ( 0.0%) 
texdata                  2/8192           64/262144   ( 0.0%) 
dispinfos                0/0               0/0        ( 0.0%) 
disp_verts               0/0               0/0        ( 0.0%) 
disp_tris                0/0               0/0        ( 0.0%) 
disp_multiblend          0/0               0/0        ( 0.0%) 
disp_lmsamples           0/0               0/0        ( 0.0%) 
faces                   16/65536         896/3670016  ( 0.0%) 
hdr faces                0/65536           0/3670016  ( 0.0%) 
origfaces                6/65536         336/3670016  ( 0.0%) 
leaves                  69/65536        2208/2097152  ( 0.1%) 
leaffaces               16/65536          32/131072   ( 0.0%) 
leafbrushes             16/65536          32/131072   ( 0.0%) 
areas                    1/1024            8/8192     ( 0.1%) 
surfedges               92/512000        368/2048000  ( 0.0%) 
edges                   57/256000        228/1024000  ( 0.0%) 
LDR worldlights          0/8192            0/720896   ( 0.0%) 
HDR worldlights          0/8192            0/720896   ( 0.0%) 
leafwaterdata            0/32768           0/393216   ( 0.0%) 
waterstrips              0/32768           0/327680   ( 0.0%) 
waterverts               0/65536           0/786432   ( 0.0%) 
waterindices             0/65536           0/131072   ( 0.0%) 
cubemapsamples           0/1024            0/16384    ( 0.0%) 
overlays                 0/8192            0/2883584  ( 0.0%) 
LDR lightdata         [variable]       18760/0        ( 0.0%) 
HDR lightdata         [variable]           0/0        ( 0.0%) 
visdata               [variable]           0/16777216 ( 0.0%) 
entdata               [variable]         238/4194304  ( 0.0%) 
LDR ambient table       69/65536         276/262144   ( 0.1%) 
HDR ambient table       69/65536         276/262144   ( 0.1%) 
LDR leaf ambient        52/65536        1456/1835008  ( 0.1%) 
HDR leaf ambient        69/65536        1932/1835008  ( 0.1%) 
occluders                0/0               0/0        ( 0.0%) 
occluder polygons        0/0               0/0        ( 0.0%) 
occluder vert ind        0/0               0/0        ( 0.0%) 
detail props          [variable]          12/0        ( 0.0%) 
static props          [variable]          12/0        ( 0.0%) 
static prop count        0/16384           0/0        ( 0.0%) 
pakfile               [variable]      105651/0        ( 0.0%) 
physics               [variable]        2293/4194304  ( 0.1%) 
physics terrain       [variable]           2/1048576  ( 0.0%) 

Level flags = 0

Total triangle count: 36
Writing c:\coolmaps\cool2.bsp
0 seconds elapsed




materialPath: C:\Program Files (x86)\Steam\steamapps\common\GarrysMod\garrysmod\materials
Loading C:\coolMaps\cool2.vmf
fixing up env_cubemap materials on brush sides...
ProcessBlock_Thread: 0...1...2...3...4...5...6...7...8...9...10 (0)
**** leaked ****
Processing areas...done (0)
Building Faces...done (0)
FixTjuncs...
PruneNodes...
WriteBSP...
done (0)
Creating default LDR cubemaps for env_cubemap using skybox materials:
   skybox/sky_day01_01*.vmt
 ! Run buildcubemaps in the engine to get the correct cube maps.
Creating default HDR cubemaps for env_cubemap using skybox materials:
   skybox/sky_day01_01*.vmt
 ! Run buildcubemaps in the engine to get the correct cube maps.
Finding displacement neighbors...
Finding lightmap sample positions...
Displacement Alpha : 0...1...2...3...4...5...6...7...8...9...10
Building Physics collision data...
done (0) (2293 bytes)
Placing detail props : 0...1...2...3...4...5...6...7...8...9...10
Compacting texture/material tables...
Reduced 6 texinfos to 4
Reduced 2 texdatas to 2 (38 bytes to 38)
Writing C:\coolMaps\cool2.bsp
0 seconds elapsed



10 threads
reading c:\coolmaps\cool2.bsp
reading c:\coolmaps\cool2.prt
LoadPortals: couldn't read c:\coolmaps\cool2.prt



[Reading texlights from 'lights.rad']
[51 texlights parsed from 'lights.rad']
Loading c:\coolmaps\cool2.bsp
No vis information, direct lighting only.
BuildFacelights:     0...1...2...3...4...5...6...7...8...9...10 (0)
Build Patch/Sample Hash Table(s).....Done<0.0003 sec>
FinalLightFace:      0...1...2...3...4...5...6...7...8...9...10 (0)
FinalLightFace Done
0 of 0 (0% of) surface lights went in leaf ambient cubes.
ThreadComputeLeafAmbient: 0...1...2...3...4...5...6...7...8...9...10 (0)
Writing leaf ambient...done
Ready to Finish

Object names       Objects/Maxobjs  Memory / Maxmem  Fullness 
------------       ---------------  ---------------  -------- 
models                   1/4096           48/196608   ( 0.0%) 
brushes                  6/65535          72/786420   ( 0.0%) 
brushsides              36/655350        288/5242800  ( 0.0%) 
planes                  40/65536         800/1310720  ( 0.1%) 
vertexes                69/65536         828/786432   ( 0.1%) 
nodes                   67/65536        2144/2097152  ( 0.1%) 
texinfos                 4/16384         288/1179648  ( 0.0%) 
texdata                  2/8192           64/262144   ( 0.0%) 
dispinfos                0/0               0/0        ( 0.0%) 
disp_verts               0/0               0/0        ( 0.0%) 
disp_tris                0/0               0/0        ( 0.0%) 
disp_multiblend          0/0               0/0        ( 0.0%) 
disp_lmsamples           0/0               0/0        ( 0.0%) 
faces                   16/65536         896/3670016  ( 0.0%) 
hdr faces                0/65536           0/3670016  ( 0.0%) 
origfaces                6/65536         336/3670016  ( 0.0%) 
leaves                  69/65536        2208/2097152  ( 0.1%) 
leaffaces               16/65536          32/131072   ( 0.0%) 
leafbrushes             16/65536          32/131072   ( 0.0%) 
areas                    1/1024            8/8192     ( 0.1%) 
surfedges               92/512000        368/2048000  ( 0.0%) 
edges                   57/256000        228/1024000  ( 0.0%) 
LDR worldlights          0/8192            0/720896   ( 0.0%) 
HDR worldlights          0/8192            0/720896   ( 0.0%) 
leafwaterdata            0/32768           0/393216   ( 0.0%) 
waterstrips              0/32768           0/327680   ( 0.0%) 
waterverts               0/65536           0/786432   ( 0.0%) 
waterindices             0/65536           0/131072   ( 0.0%) 
cubemapsamples           0/1024            0/16384    ( 0.0%) 
overlays                 0/8192            0/2883584  ( 0.0%) 
LDR lightdata         [variable]       18760/0        ( 0.0%) 
HDR lightdata         [variable]           0/0        ( 0.0%) 
visdata               [variable]           0/16777216 ( 0.0%) 
entdata               [variable]         238/4194304  ( 0.0%) 
LDR ambient table       69/65536         276/262144   ( 0.1%) 
HDR ambient table       69/65536         276/262144   ( 0.1%) 
LDR leaf ambient        52/65536        1456/1835008  ( 0.1%) 
HDR leaf ambient        69/65536        1932/1835008  ( 0.1%) 
occluders                0/0               0/0        ( 0.0%) 
occluder polygons        0/0               0/0        ( 0.0%) 
occluder vert ind        0/0               0/0        ( 0.0%) 
detail props          [variable]          12/0        ( 0.0%) 
static props          [variable]          12/0        ( 0.0%) 
static prop count        0/16384           0/0        ( 0.0%) 
pakfile               [variable]      105651/0        ( 0.0%) 
physics               [variable]        2293/4194304  ( 0.1%) 
physics terrain       [variable]           2/1048576  ( 0.0%) 

Level flags = 0

Total triangle count: 36
Writing c:\coolmaps\cool2.bsp
0 seconds elapsed




materialPath: C:\Program Files (x86)\Steam\steamapps\common\GarrysMod\garrysmod\materials
Loading C:\coolMaps\cool2.vmf
fixing up env_cubemap materials on brush sides...
ProcessBlock_Thread: 0...1...2...3...4...5...6...7...8...9...10 (0)
**** leaked ****
Processing areas...done (0)
Building Faces...done (0)
FixTjuncs...
PruneNodes...
WriteBSP...
done (0)
Creating default LDR cubemaps for env_cubemap using skybox materials:
   skybox/sky_day01_01*.vmt
 ! Run buildcubemaps in the engine to get the correct cube maps.
Creating default HDR cubemaps for env_cubemap using skybox materials:
   skybox/sky_day01_01*.vmt
 ! Run buildcubemaps in the engine to get the correct cube maps.
Finding displacement neighbors...
Finding lightmap sample positions...
Displacement Alpha : 0...1...2...3...4...5...6...7...8...9...10
Building Physics collision data...
done (0) (2293 bytes)
Placing detail props : 0...1...2...3...4...5...6...7...8...9...10
Compacting texture/material tables...
Reduced 9 texinfos to 5
Reduced 3 texdatas to 3 (59 bytes to 59)
Writing C:\coolMaps\cool2.bsp
0 seconds elapsed



10 threads
reading c:\coolmaps\cool2.bsp
reading c:\coolmaps\cool2.prt
LoadPortals: couldn't read c:\coolmaps\cool2.prt



[Reading texlights from 'lights.rad']
[51 texlights parsed from 'lights.rad']
Loading c:\coolmaps\cool2.bsp
No vis information, direct lighting only.
BuildFacelights:     0...1...2...3...4...5...6...7...8...9...10 (0)
Build Patch/Sample Hash Table(s).....Done<0.0004 sec>
FinalLightFace:      0...1...2...3...4...5...6...7...8...9...10 (0)
FinalLightFace Done
0 of 0 (0% of) surface lights went in leaf ambient cubes.
ThreadComputeLeafAmbient: 0...1...2...3...4...5...6...7...8...9...10 (0)
Writing leaf ambient...done
Ready to Finish

Object names       Objects/Maxobjs  Memory / Maxmem  Fullness 
------------       ---------------  ---------------  -------- 
models                   1/4096           48/196608   ( 0.0%) 
brushes                  6/65535          72/786420   ( 0.0%) 
brushsides              36/655350        288/5242800  ( 0.0%) 
planes                  40/65536         800/1310720  ( 0.1%) 
vertexes                75/65536         900/786432   ( 0.1%) 
nodes                   67/65536        2144/2097152  ( 0.1%) 
texinfos                 5/16384         360/1179648  ( 0.0%) 
texdata                  3/8192           96/262144   ( 0.0%) 
dispinfos                0/0               0/0        ( 0.0%) 
disp_verts               0/0               0/0        ( 0.0%) 
disp_tris                0/0               0/0        ( 0.0%) 
disp_multiblend          0/0               0/0        ( 0.0%) 
disp_lmsamples           0/0               0/0        ( 0.0%) 
faces                   28/65536        1568/3670016  ( 0.0%) 
hdr faces                0/65536           0/3670016  ( 0.0%) 
origfaces                8/65536         448/3670016  ( 0.0%) 
leaves                  69/65536        2208/2097152  ( 0.1%) 
leaffaces               28/65536          56/131072   ( 0.0%) 
leafbrushes             16/65536          32/131072   ( 0.0%) 
areas                    1/1024            8/8192     ( 0.1%) 
surfedges              150/512000        600/2048000  ( 0.0%) 
edges                   95/256000        380/1024000  ( 0.0%) 
LDR worldlights          0/8192            0/720896   ( 0.0%) 
HDR worldlights          0/8192            0/720896   ( 0.0%) 
leafwaterdata            0/32768           0/393216   ( 0.0%) 
waterstrips              0/32768           0/327680   ( 0.0%) 
waterverts               0/65536           0/786432   ( 0.0%) 
waterindices             0/65536           0/131072   ( 0.0%) 
cubemapsamples           0/1024            0/16384    ( 0.0%) 
overlays                 0/8192            0/2883584  ( 0.0%) 
LDR lightdata         [variable]       54184/0        ( 0.0%) 
HDR lightdata         [variable]           0/0        ( 0.0%) 
visdata               [variable]           0/16777216 ( 0.0%) 
entdata               [variable]         237/4194304  ( 0.0%) 
LDR ambient table       69/65536         276/262144   ( 0.1%) 
HDR ambient table       69/65536         276/262144   ( 0.1%) 
LDR leaf ambient        52/65536        1456/1835008  ( 0.1%) 
HDR leaf ambient        69/65536        1932/1835008  ( 0.1%) 
occluders                0/0               0/0        ( 0.0%) 
occluder polygons        0/0               0/0        ( 0.0%) 
occluder vert ind        0/0               0/0        ( 0.0%) 
detail props          [variable]          12/0        ( 0.0%) 
static props          [variable]          12/0        ( 0.0%) 
static prop count        0/16384           0/0        ( 0.0%) 
pakfile               [variable]      105651/0        ( 0.0%) 
physics               [variable]        2293/4194304  ( 0.1%) 
physics terrain       [variable]           2/1048576  ( 0.0%) 

Level flags = 0

Total triangle count: 62
Writing c:\coolmaps\cool2.bsp
0 seconds elapsed




materialPath: C:\Program Files (x86)\Steam\steamapps\common\GarrysMod\garrysmod\materials
Loading C:\coolMaps\cool2.vmf
fixing up env_cubemap materials on brush sides...
ProcessBlock_Thread: 0...1...2...3...4...5...6...7...8...9...10 (0)
**** leaked ****
Processing areas...done (0)
Building Faces...done (0)
FixTjuncs...
PruneNodes...
WriteBSP...
done (0)
Creating default LDR cubemaps for env_cubemap using skybox materials:
   skybox/sky_day01_01*.vmt
 ! Run buildcubemaps in the engine to get the correct cube maps.
Creating default HDR cubemaps for env_cubemap using skybox materials:
   skybox/sky_day01_01*.vmt
 ! Run buildcubemaps in the engine to get the correct cube maps.
Finding displacement neighbors...
Finding lightmap sample positions...
Displacement Alpha : 0...1...2...3...4...5...6...7...8...9...10
Building Physics collision data...
done (0) (2279 bytes)
Placing detail props : 0...1...2...3...4...5...6...7...8...9...10
Compacting texture/material tables...
Reduced 3 texinfos to 3
Reduced 1 texdatas to 1 (21 bytes to 21)
Writing C:\coolMaps\cool2.bsp
0 seconds elapsed



10 threads
reading c:\coolmaps\cool2.bsp
reading c:\coolmaps\cool2.prt
LoadPortals: couldn't read c:\coolmaps\cool2.prt



[Reading texlights from 'lights.rad']
[51 texlights parsed from 'lights.rad']
Loading c:\coolmaps\cool2.bsp
No vis information, direct lighting only.
BuildFacelights:     0...1...2...3...4...5...6...7...8...9...10 (0)
Build Patch/Sample Hash Table(s).....Done<0.0009 sec>
FinalLightFace:      0...1...2...3...4...5...6...7...8...9...10 (0)
FinalLightFace Done
0 of 0 (0% of) surface lights went in leaf ambient cubes.
ThreadComputeLeafAmbient: 0...1...2...3...4...5...6...7...8...9...10 (0)
Writing leaf ambient...done
Ready to Finish

Object names       Objects/Maxobjs  Memory / Maxmem  Fullness 
------------       ---------------  ---------------  -------- 
models                   1/4096           48/196608   ( 0.0%) 
brushes                  6/65535          72/786420   ( 0.0%) 
brushsides              36/655350        288/5242800  ( 0.0%) 
planes                  40/65536         800/1310720  ( 0.1%) 
vertexes               101/65536        1212/786432   ( 0.2%) 
nodes                   67/65536        2144/2097152  ( 0.1%) 
texinfos                 3/16384         216/1179648  ( 0.0%) 
texdata                  1/8192           32/262144   ( 0.0%) 
dispinfos                0/0               0/0        ( 0.0%) 
disp_verts               0/0               0/0        ( 0.0%) 
disp_tris                0/0               0/0        ( 0.0%) 
disp_multiblend          0/0               0/0        ( 0.0%) 
disp_lmsamples           0/0               0/0        ( 0.0%) 
faces                   80/65536        4480/3670016  ( 0.1%) 
hdr faces                0/65536           0/3670016  ( 0.0%) 
origfaces               24/65536        1344/3670016  ( 0.0%) 
leaves                  69/65536        2208/2097152  ( 0.1%) 
leaffaces               80/65536         160/131072   ( 0.1%) 
leafbrushes             16/65536          32/131072   ( 0.0%) 
areas                    1/1024            8/8192     ( 0.1%) 
surfedges              448/512000       1792/2048000  ( 0.1%) 
edges                  241/256000        964/1024000  ( 0.1%) 
LDR worldlights          0/8192            0/720896   ( 0.0%) 
HDR worldlights          0/8192            0/720896   ( 0.0%) 
leafwaterdata            0/32768           0/393216   ( 0.0%) 
waterstrips              4/32768          40/327680   ( 0.0%) 
waterverts               0/65536           0/786432   ( 0.0%) 
waterindices            48/65536          96/131072   ( 0.1%) 
cubemapsamples           0/1024            0/16384    ( 0.0%) 
overlays                 0/8192            0/2883584  ( 0.0%) 
LDR lightdata         [variable]      140624/0        ( 0.0%) 
HDR lightdata         [variable]           0/0        ( 0.0%) 
visdata               [variable]           0/16777216 ( 0.0%) 
entdata               [variable]         237/4194304  ( 0.0%) 
LDR ambient table       69/65536         276/262144   ( 0.1%) 
HDR ambient table       69/65536         276/262144   ( 0.1%) 
LDR leaf ambient        52/65536        1456/1835008  ( 0.1%) 
HDR leaf ambient        69/65536        1932/1835008  ( 0.1%) 
occluders                0/0               0/0        ( 0.0%) 
occluder polygons        0/0               0/0        ( 0.0%) 
occluder vert ind        0/0               0/0        ( 0.0%) 
detail props          [variable]          12/0        ( 0.0%) 
static props          [variable]          12/0        ( 0.0%) 
static prop count        0/16384           0/0        ( 0.0%) 
pakfile               [variable]      105651/0        ( 0.0%) 
physics               [variable]        2279/4194304  ( 0.1%) 
physics terrain       [variable]           2/1048576  ( 0.0%) 

Level flags = 0

Total triangle count: 192
Writing c:\coolmaps\cool2.bsp
0 seconds elapsed




materialPath: C:\Program Files (x86)\Steam\steamapps\common\GarrysMod\garrysmod\materials
Loading C:\coolMaps\cool2.vmf
fixing up env_cubemap materials on brush sides...
ProcessBlock_Thread: 0...1...2...3...4...5...6...7...8...9...10 (0)
**** leaked ****
Processing areas...done (0)
Building Faces...done (0)
FixTjuncs...
PruneNodes...
WriteBSP...
done (0)
Creating default LDR cubemaps for env_cubemap using skybox materials:
   skybox/sky_day01_01*.vmt
 ! Run buildcubemaps in the engine to get the correct cube maps.
Creating default HDR cubemaps for env_cubemap using skybox materials:
   skybox/sky_day01_01*.vmt
 ! Run buildcubemaps in the engine to get the correct cube maps.
Finding displacement neighbors...
Finding lightmap sample positions...
Displacement Alpha : 0...1...2...3...4...5...6...7...8...9...10
Building Physics collision data...
done (0) (2279 bytes)
Placing detail props : 0...1...2...3...4...5...6...7...8...9...10
Compacting texture/material tables...
Reduced 3 texinfos to 3
Reduced 1 texdatas to 1 (21 bytes to 21)
Writing C:\coolMaps\cool2.bsp
0 seconds elapsed



10 threads
reading c:\coolmaps\cool2.bsp
reading c:\coolmaps\cool2.prt
LoadPortals: couldn't read c:\coolmaps\cool2.prt



[Reading texlights from 'lights.rad']
[51 texlights parsed from 'lights.rad']
Loading c:\coolmaps\cool2.bsp
No vis information, direct lighting only.
BuildFacelights:     0...1...2...3...4...5...6...7...8...9...10 (0)
Build Patch/Sample Hash Table(s).....Done<0.0009 sec>
FinalLightFace:      0...1...2...3...4...5...6...7...8...9...10 (0)
FinalLightFace Done
0 of 0 (0% of) surface lights went in leaf ambient cubes.
ThreadComputeLeafAmbient: 0...1...2...3...4...5...6...7...8...9...10 (0)
Writing leaf ambient...done
Ready to Finish

Object names       Objects/Maxobjs  Memory / Maxmem  Fullness 
------------       ---------------  ---------------  -------- 
models                   1/4096           48/196608   ( 0.0%) 
brushes                  6/65535          72/786420   ( 0.0%) 
brushsides              36/655350        288/5242800  ( 0.0%) 
planes                  40/65536         800/1310720  ( 0.1%) 
vertexes               101/65536        1212/786432   ( 0.2%) 
nodes                   67/65536        2144/2097152  ( 0.1%) 
texinfos                 3/16384         216/1179648  ( 0.0%) 
texdata                  1/8192           32/262144   ( 0.0%) 
dispinfos                0/0               0/0        ( 0.0%) 
disp_verts               0/0               0/0        ( 0.0%) 
disp_tris                0/0               0/0        ( 0.0%) 
disp_multiblend          0/0               0/0        ( 0.0%) 
disp_lmsamples           0/0               0/0        ( 0.0%) 
faces                   80/65536        4480/3670016  ( 0.1%) 
hdr faces                0/65536           0/3670016  ( 0.0%) 
origfaces               24/65536        1344/3670016  ( 0.0%) 
leaves                  69/65536        2208/2097152  ( 0.1%) 
leaffaces               80/65536         160/131072   ( 0.1%) 
leafbrushes             16/65536          32/131072   ( 0.0%) 
areas                    1/1024            8/8192     ( 0.1%) 
surfedges              448/512000       1792/2048000  ( 0.1%) 
edges                  241/256000        964/1024000  ( 0.1%) 
LDR worldlights          0/8192            0/720896   ( 0.0%) 
HDR worldlights          0/8192            0/720896   ( 0.0%) 
leafwaterdata            0/32768           0/393216   ( 0.0%) 
waterstrips              4/32768          40/327680   ( 0.0%) 
waterverts               0/65536           0/786432   ( 0.0%) 
waterindices            48/65536          96/131072   ( 0.1%) 
cubemapsamples           0/1024            0/16384    ( 0.0%) 
overlays                 0/8192            0/2883584  ( 0.0%) 
LDR lightdata         [variable]      140624/0        ( 0.0%) 
HDR lightdata         [variable]           0/0        ( 0.0%) 
visdata               [variable]           0/16777216 ( 0.0%) 
entdata               [variable]         237/4194304  ( 0.0%) 
LDR ambient table       69/65536         276/262144   ( 0.1%) 
HDR ambient table       69/65536         276/262144   ( 0.1%) 
LDR leaf ambient        52/65536        1456/1835008  ( 0.1%) 
HDR leaf ambient        69/65536        1932/1835008  ( 0.1%) 
occluders                0/0               0/0        ( 0.0%) 
occluder polygons        0/0               0/0        ( 0.0%) 
occluder vert ind        0/0               0/0        ( 0.0%) 
detail props          [variable]          12/0        ( 0.0%) 
static props          [variable]          12/0        ( 0.0%) 
static prop count        0/16384           0/0        ( 0.0%) 
pakfile               [variable]      105651/0        ( 0.0%) 
physics               [variable]        2279/4194304  ( 0.1%) 
physics terrain       [variable]           2/1048576  ( 0.0%) 

Level flags = 0

Total triangle count: 192
Writing c:\coolmaps\cool2.bsp
0 seconds elapsed




materialPath: C:\Program Files (x86)\Steam\steamapps\common\GarrysMod\garrysmod\materials
Loading C:\coolMaps\cool2.vmf
fixing up env_cubemap materials on brush sides...
ProcessBlock_Thread: 0...1...2...3...4...5...6...7...8...9...10 (0)
**** leaked ****
Processing areas...done (0)
Building Faces...done (0)
FixTjuncs...
PruneNodes...
WriteBSP...
done (0)
Creating default LDR cubemaps for env_cubemap using skybox materials:
   skybox/sky_day01_01*.vmt
 ! Run buildcubemaps in the engine to get the correct cube maps.
Creating default HDR cubemaps for env_cubemap using skybox materials:
   skybox/sky_day01_01*.vmt
 ! Run buildcubemaps in the engine to get the correct cube maps.
Finding displacement neighbors...
Finding lightmap sample positions...
Displacement Alpha : 0...1...2...3...4...5...6...7...8...9...10
Building Physics collision data...
done (0) (2279 bytes)
Placing detail props : 0...1...2...3...4...5...6...7...8...9...10
Compacting texture/material tables...
Reduced 3 texinfos to 3
Reduced 1 texdatas to 1 (21 bytes to 21)
Writing C:\coolMaps\cool2.bsp
0 seconds elapsed



10 threads
reading c:\coolmaps\cool2.bsp
reading c:\coolmaps\cool2.prt
LoadPortals: couldn't read c:\coolmaps\cool2.prt



[Reading texlights from 'lights.rad']
[51 texlights parsed from 'lights.rad']
Loading c:\coolmaps\cool2.bsp
No vis information, direct lighting only.
BuildFacelights:     0...1...2...3...4...5...6...7...8...9...10 (0)
Build Patch/Sample Hash Table(s).....Done<0.0009 sec>
FinalLightFace:      0...1...2...3...4...5...6...7...8...9...10 (0)
FinalLightFace Done
0 of 0 (0% of) surface lights went in leaf ambient cubes.
ThreadComputeLeafAmbient: 0...1...2...3...4...5...6...7...8...9...10 (0)
Writing leaf ambient...done
Ready to Finish

Object names       Objects/Maxobjs  Memory / Maxmem  Fullness 
------------       ---------------  ---------------  -------- 
models                   1/4096           48/196608   ( 0.0%) 
brushes                  6/65535          72/786420   ( 0.0%) 
brushsides              36/655350        288/5242800  ( 0.0%) 
planes                  40/65536         800/1310720  ( 0.1%) 
vertexes               101/65536        1212/786432   ( 0.2%) 
nodes                   67/65536        2144/2097152  ( 0.1%) 
texinfos                 3/16384         216/1179648  ( 0.0%) 
texdata                  1/8192           32/262144   ( 0.0%) 
dispinfos                0/0               0/0        ( 0.0%) 
disp_verts               0/0               0/0        ( 0.0%) 
disp_tris                0/0               0/0        ( 0.0%) 
disp_multiblend          0/0               0/0        ( 0.0%) 
disp_lmsamples           0/0               0/0        ( 0.0%) 
faces                   80/65536        4480/3670016  ( 0.1%) 
hdr faces                0/65536           0/3670016  ( 0.0%) 
origfaces               24/65536        1344/3670016  ( 0.0%) 
leaves                  69/65536        2208/2097152  ( 0.1%) 
leaffaces               80/65536         160/131072   ( 0.1%) 
leafbrushes             16/65536          32/131072   ( 0.0%) 
areas                    1/1024            8/8192     ( 0.1%) 
surfedges              448/512000       1792/2048000  ( 0.1%) 
edges                  241/256000        964/1024000  ( 0.1%) 
LDR worldlights          0/8192            0/720896   ( 0.0%) 
HDR worldlights          0/8192            0/720896   ( 0.0%) 
leafwaterdata            0/32768           0/393216   ( 0.0%) 
waterstrips              4/32768          40/327680   ( 0.0%) 
waterverts               0/65536           0/786432   ( 0.0%) 
waterindices            48/65536          96/131072   ( 0.1%) 
cubemapsamples           0/1024            0/16384    ( 0.0%) 
overlays                 0/8192            0/2883584  ( 0.0%) 
LDR lightdata         [variable]      140624/0        ( 0.0%) 
HDR lightdata         [variable]           0/0        ( 0.0%) 
visdata               [variable]           0/16777216 ( 0.0%) 
entdata               [variable]         237/4194304  ( 0.0%) 
LDR ambient table       69/65536         276/262144   ( 0.1%) 
HDR ambient table       69/65536         276/262144   ( 0.1%) 
LDR leaf ambient        52/65536        1456/1835008  ( 0.1%) 
HDR leaf ambient        69/65536        1932/1835008  ( 0.1%) 
occluders                0/0               0/0        ( 0.0%) 
occluder polygons        0/0               0/0        ( 0.0%) 
occluder vert ind        0/0               0/0        ( 0.0%) 
detail props          [variable]          12/0        ( 0.0%) 
static props          [variable]          12/0        ( 0.0%) 
static prop count        0/16384           0/0        ( 0.0%) 
pakfile               [variable]      105651/0        ( 0.0%) 
physics               [variable]        2279/4194304  ( 0.1%) 
physics terrain       [variable]           2/1048576  ( 0.0%) 

Level flags = 0

Total triangle count: 192
Writing c:\coolmaps\cool2.bsp
0 seconds elapsed




materialPath: C:\Program Files (x86)\Steam\steamapps\common\GarrysMod\garrysmod\materials
Loading C:\coolMaps\cool2.vmf
Requesting texture value from var "$basetexture" which is not a texture value (material: skybox/sky_day02_07_hdrup)
fixing up env_cubemap materials on brush sides...
ProcessBlock_Thread: 0...1...2...3...4...5...6...7...8...9...10 (0)
**** leaked ****
Processing areas...done (0)
Building Faces...done (0)
FixTjuncs...
PruneNodes...
WriteBSP...
done (0)
Creating default LDR cubemaps for env_cubemap using skybox materials:
   skybox/sky_day01_01*.vmt
 ! Run buildcubemaps in the engine to get the correct cube maps.
Creating default HDR cubemaps for env_cubemap using skybox materials:
   skybox/sky_day01_01*.vmt
 ! Run buildcubemaps in the engine to get the correct cube maps.
Finding displacement neighbors...
Finding lightmap sample positions...
Displacement Alpha : 0...1...2...3...4...5...6...7...8...9...10
Building Physics collision data...
done (0) (2293 bytes)
Placing detail props : 0...1...2...3...4...5...6...7...8...9...10
Compacting texture/material tables...
Reduced 6 texinfos to 4
Reduced 2 texdatas to 2 (47 bytes to 47)
Writing C:\coolMaps\cool2.bsp
0 seconds elapsed



10 threads
reading c:\coolmaps\cool2.bsp
reading c:\coolmaps\cool2.prt
LoadPortals: couldn't read c:\coolmaps\cool2.prt



[Reading texlights from 'lights.rad']
[51 texlights parsed from 'lights.rad']
Loading c:\coolmaps\cool2.bsp
No vis information, direct lighting only.
BuildFacelights:     0...1...2...3...4...5...6...7...8...9...10 (0)
Build Patch/Sample Hash Table(s).....Done<0.0007 sec>
FinalLightFace:      0...1...2...3...4...5...6...7...8...9...10 (0)
FinalLightFace Done
0 of 0 (0% of) surface lights went in leaf ambient cubes.
ThreadComputeLeafAmbient: 0...1...2...3...4...5...6...7...8...9...10 (0)
Writing leaf ambient...done
Ready to Finish

Object names       Objects/Maxobjs  Memory / Maxmem  Fullness 
------------       ---------------  ---------------  -------- 
models                   1/4096           48/196608   ( 0.0%) 
brushes                  6/65535          72/786420   ( 0.0%) 
brushsides              36/655350        288/5242800  ( 0.0%) 
planes                  40/65536         800/1310720  ( 0.1%) 
vertexes                97/65536        1164/786432   ( 0.1%) 
nodes                   67/65536        2144/2097152  ( 0.1%) 
texinfos                 4/16384         288/1179648  ( 0.0%) 
texdata                  2/8192           64/262144   ( 0.0%) 
dispinfos                0/0               0/0        ( 0.0%) 
disp_verts               0/0               0/0        ( 0.0%) 
disp_tris                0/0               0/0        ( 0.0%) 
disp_multiblend          0/0               0/0        ( 0.0%) 
disp_lmsamples           0/0               0/0        ( 0.0%) 
faces                   76/65536        4256/3670016  ( 0.1%) 
hdr faces                0/65536           0/3670016  ( 0.0%) 
origfaces               24/65536        1344/3670016  ( 0.0%) 
leaves                  69/65536        2208/2097152  ( 0.1%) 
leaffaces               76/65536         152/131072   ( 0.1%) 
leafbrushes             16/65536          32/131072   ( 0.0%) 
areas                    1/1024            8/8192     ( 0.1%) 
surfedges              432/512000       1728/2048000  ( 0.1%) 
edges                  233/256000        932/1024000  ( 0.1%) 
LDR worldlights          0/8192            0/720896   ( 0.0%) 
HDR worldlights          0/8192            0/720896   ( 0.0%) 
leafwaterdata            0/32768           0/393216   ( 0.0%) 
waterstrips              2/32768          20/327680   ( 0.0%) 
waterverts               0/65536           0/786432   ( 0.0%) 
waterindices            24/65536          48/131072   ( 0.0%) 
cubemapsamples           0/1024            0/16384    ( 0.0%) 
overlays                 0/8192            0/2883584  ( 0.0%) 
LDR lightdata         [variable]      105200/0        ( 0.0%) 
HDR lightdata         [variable]           0/0        ( 0.0%) 
visdata               [variable]           0/16777216 ( 0.0%) 
entdata               [variable]         237/4194304  ( 0.0%) 
LDR ambient table       69/65536         276/262144   ( 0.1%) 
HDR ambient table       69/65536         276/262144   ( 0.1%) 
LDR leaf ambient        52/65536        1456/1835008  ( 0.1%) 
HDR leaf ambient        69/65536        1932/1835008  ( 0.1%) 
occluders                0/0               0/0        ( 0.0%) 
occluder polygons        0/0               0/0        ( 0.0%) 
occluder vert ind        0/0               0/0        ( 0.0%) 
detail props          [variable]          12/0        ( 0.0%) 
static props          [variable]          12/0        ( 0.0%) 
static prop count        0/16384           0/0        ( 0.0%) 
pakfile               [variable]      105651/0        ( 0.0%) 
physics               [variable]        2293/4194304  ( 0.1%) 
physics terrain       [variable]           2/1048576  ( 0.0%) 

Level flags = 0

Total triangle count: 184
Writing c:\coolmaps\cool2.bsp
0 seconds elapsed

